Using pre-set license
Built from '2020.3/staging' branch; Version is '2020.3.17f1 (a4537701e4ab) revision 10769271'; Using compiler version '192528614'; Build Type 'Release'
OS: 'Windows 10 Pro; OS build 19043.1165; Version 2009; 64bit' Language: 'ja' Physical Memory: 16301 MB
BatchMode: 1, IsHumanControllingUs: 0, StartBugReporterOnCrash: 0, Is64bit: 1, IsPro: 0

COMMAND LINE ARGUMENTS:
C:\Program Files\Unity\Hub\Editor\2020.3.17f1\Editor\Unity.exe
-adb2
-batchMode
-noUpm
-name
AssetImportWorker0
-projectPath
C:/Users/sasak/Desktop/MST2022/MST_2022
-logFile
Logs/AssetImportWorker0.log
-srvPort
63790
Successfully changed project path to: C:/Users/sasak/Desktop/MST2022/MST_2022
C:/Users/sasak/Desktop/MST2022/MST_2022
Using Asset Import Pipeline V2.
Refreshing native plugins compatible for Editor in 50.74 ms, found 2 plugins.
Preloading 0 native plugins for Editor in 0.00 ms.
Initialize engine version: 2020.3.17f1 (a4537701e4ab)
[Subsystems] Discovering subsystems at path C:/Program Files/Unity/Hub/Editor/2020.3.17f1/Editor/Data/Resources/UnitySubsystems
[Subsystems] Discovering subsystems at path C:/Users/sasak/Desktop/MST2022/MST_2022/Assets
GfxDevice: creating device client; threaded=0
Direct3D:
    Version:  Direct3D 11.0 [level 11.1]
    Renderer: NVIDIA GeForce GTX 1050 (ID=0x1c8d)
    Vendor:   
    VRAM:     1979 MB
    Driver:   27.21.14.6079
Initialize mono
Mono path[0] = 'C:/Program Files/Unity/Hub/Editor/2020.3.17f1/Editor/Data/Managed'
Mono path[1] = 'C:/Program Files/Unity/Hub/Editor/2020.3.17f1/Editor/Data/MonoBleedingEdge/lib/mono/unityjit'
Mono config path = 'C:/Program Files/Unity/Hub/Editor/2020.3.17f1/Editor/Data/MonoBleedingEdge/etc'
Using monoOptions --debugger-agent=transport=dt_socket,embedding=1,server=y,suspend=n,address=127.0.0.1:56420
Begin MonoManager ReloadAssembly
Registering precompiled unity dll's ...
Register platform support module: C:/Program Files/Unity/Hub/Editor/2020.3.17f1/Editor/Data/PlaybackEngines/WindowsStandaloneSupport/UnityEditor.WindowsStandalone.Extensions.dll
Registered in 0.003665 seconds.
Native extension for WindowsStandalone target not found
Refreshing native plugins compatible for Editor in 64.09 ms, found 2 plugins.
Preloading 0 native plugins for Editor in 0.00 ms.
Mono: successfully reloaded assembly
- Completed reload, in  2.266 seconds
Domain Reload Profiling:
	ReloadAssembly (2267ms)
		BeginReloadAssembly (95ms)
			ExecutionOrderSort (0ms)
			DisableScriptedObjects (0ms)
			BackupInstance (0ms)
			ReleaseScriptingObjects (0ms)
			CreateAndSetChildDomain (1ms)
		EndReloadAssembly (954ms)
			LoadAssemblies (91ms)
			RebuildTransferFunctionScriptingTraits (0ms)
			SetupTypeCache (333ms)
			ReleaseScriptCaches (0ms)
			RebuildScriptCaches (76ms)
			SetupLoadedEditorAssemblies (359ms)
				LogAssemblyErrors (0ms)
				InitializePlatformSupportModulesInManaged (8ms)
				SetLoadedEditorAssemblies (0ms)
				RefreshPlugins (64ms)
				BeforeProcessingInitializeOnLoad (30ms)
				ProcessInitializeOnLoadAttributes (185ms)
				ProcessInitializeOnLoadMethodAttributes (71ms)
				AfterProcessingInitializeOnLoad (0ms)
				EditorAssembliesLoaded (0ms)
			ExecutionOrderSort2 (0ms)
			AwakeInstancesAfterBackupRestoration (0ms)
Platform modules already initialized, skipping
Registering precompiled user dll's ...
Registered in 0.008994 seconds.
Begin MonoManager ReloadAssembly
Native extension for WindowsStandalone target not found
Refreshing native plugins compatible for Editor in 0.77 ms, found 2 plugins.
Preloading 0 native plugins for Editor in 0.00 ms.
Mono: successfully reloaded assembly
- Completed reload, in  2.566 seconds
Domain Reload Profiling:
	ReloadAssembly (2567ms)
		BeginReloadAssembly (302ms)
			ExecutionOrderSort (0ms)
			DisableScriptedObjects (8ms)
			BackupInstance (0ms)
			ReleaseScriptingObjects (0ms)
			CreateAndSetChildDomain (32ms)
		EndReloadAssembly (2127ms)
			LoadAssemblies (173ms)
			RebuildTransferFunctionScriptingTraits (0ms)
			SetupTypeCache (693ms)
			ReleaseScriptCaches (1ms)
			RebuildScriptCaches (108ms)
			SetupLoadedEditorAssemblies (874ms)
				LogAssemblyErrors (0ms)
				InitializePlatformSupportModulesInManaged (12ms)
				SetLoadedEditorAssemblies (1ms)
				RefreshPlugins (1ms)
				BeforeProcessingInitializeOnLoad (251ms)
				ProcessInitializeOnLoadAttributes (581ms)
				ProcessInitializeOnLoadMethodAttributes (13ms)
				AfterProcessingInitializeOnLoad (14ms)
				EditorAssembliesLoaded (1ms)
			ExecutionOrderSort2 (0ms)
			AwakeInstancesAfterBackupRestoration (13ms)
Platform modules already initialized, skipping
========================================================================
Worker process is ready to serve import requests
Launched and connected shader compiler UnityShaderCompiler.exe after 0.17 seconds
Refreshing native plugins compatible for Editor in 0.84 ms, found 2 plugins.
Preloading 0 native plugins for Editor in 0.00 ms.
Unloading 1397 Unused Serialized files (Serialized files now loaded: 0)
System memory in use before: 67.6 MB.
System memory in use after: 67.6 MB.

Unloading 18 unused Assets to reduce memory usage. Loaded Objects now: 1830.
Total: 4.490800 ms (FindLiveObjects: 0.226600 ms CreateObjectMapping: 0.072500 ms MarkObjects: 4.085200 ms  DeleteObjects: 0.105100 ms)

AssetImportParameters requested are different than current active one (requested -> active):
  custom:framework-win-MediaFoundation: 216162199b28c13a410421893ffa2e32 -> 
  custom:video-decoder-ogg-theora: a1e56fd34408186e4bbccfd4996cb3dc -> 
  custom:container-muxer-webm: aa71ff27fc2769a1b78a27578f13a17b -> 
  custom:container-demuxer-webm: 4f35f7cbe854078d1ac9338744f61a02 -> 
  custom:container-demuxer-ogg: 62fdf1f143b41e24485cea50d1cbac27 -> 
  custom:video-encoder-webm-vp8: eb34c28f22e8b96e1ab97ce403110664 -> 
  custom:video-decoder-webm-vp8: 9c59270c3fd7afecdb556c50c9e8de78 -> 
  custom:audio-decoder-ogg-vorbis: bf7c407c2cedff20999df2af8eb42d56 -> 
  custom:audio-encoder-webm-vorbis: bf7c407c2cedff20999df2af8eb42d56 -> 
========================================================================
Received Import Request.
  path: Assets/Material
  artifactKey: Guid(fddfb9bfb51d85c45ab03f01514c01c9) Importer(815301076,1909f56bfc062723c751e8b465ee728b)
Start importing Assets/Material using Guid(fddfb9bfb51d85c45ab03f01514c01c9) Importer(815301076,1909f56bfc062723c751e8b465ee728b)  -> (artifact id: 'b1bc6a2922adc9546919a768674ed84a') in 0.017970 seconds 
  Import took 0.023580 seconds .

========================================================================
Received Import Request.
  Time since last request: 14.176159 seconds.
  path: Assets/Prefab
  artifactKey: Guid(5d2ba6f4cad6267458dfd9621bfc73d9) Importer(815301076,1909f56bfc062723c751e8b465ee728b)
Start importing Assets/Prefab using Guid(5d2ba6f4cad6267458dfd9621bfc73d9) Importer(815301076,1909f56bfc062723c751e8b465ee728b)  -> (artifact id: 'faf72bdcf9b5e90da95f07ee02c723a7') in 0.014047 seconds 
  Import took 0.017945 seconds .

========================================================================
Received Import Request.
  Time since last request: 25.566292 seconds.
  path: Assets/Particle
  artifactKey: Guid(c303678ba8106f04f94e8a868ef01cf4) Importer(815301076,1909f56bfc062723c751e8b465ee728b)
Start importing Assets/Particle using Guid(c303678ba8106f04f94e8a868ef01cf4) Importer(815301076,1909f56bfc062723c751e8b465ee728b)  -> (artifact id: '5f4ef7321a711db55011f1284012b988') in 0.014913 seconds 
  Import took 0.019034 seconds .

========================================================================
Received Import Request.
  Time since last request: 9.554928 seconds.
  path: Assets/Script
  artifactKey: Guid(113aedddee4b49a4f8628ed9b0ee0bf3) Importer(815301076,1909f56bfc062723c751e8b465ee728b)
Start importing Assets/Script using Guid(113aedddee4b49a4f8628ed9b0ee0bf3) Importer(815301076,1909f56bfc062723c751e8b465ee728b)  -> (artifact id: '29d7bd8d620416fc3b98a7470c2df848') in 0.011265 seconds 
  Import took 0.014477 seconds .

========================================================================
Received Import Request.
  Time since last request: 19.960838 seconds.
  path: Assets/Sound
  artifactKey: Guid(1d5308961e3c58540af9ddcb332efaca) Importer(815301076,1909f56bfc062723c751e8b465ee728b)
Start importing Assets/Sound using Guid(1d5308961e3c58540af9ddcb332efaca) Importer(815301076,1909f56bfc062723c751e8b465ee728b)  -> (artifact id: 'bdc94deab611b95c9cb313a92433234f') in 0.012273 seconds 
  Import took 0.015705 seconds .

========================================================================
Received Import Request.
  Time since last request: 6.078145 seconds.
  path: Assets/Sound/BGM
  artifactKey: Guid(18c92b6219607634f92cd4c1e9d2d775) Importer(815301076,1909f56bfc062723c751e8b465ee728b)
Start importing Assets/Sound/BGM using Guid(18c92b6219607634f92cd4c1e9d2d775) Importer(815301076,1909f56bfc062723c751e8b465ee728b)  -> (artifact id: '36ee842c2753252b36f08403301e659c') in 0.010935 seconds 
  Import took 0.013702 seconds .

========================================================================
Received Import Request.
  Time since last request: 5.759623 seconds.
  path: Assets/Sound/SE
  artifactKey: Guid(099766a65d1bdcb4398588a67714d77a) Importer(815301076,1909f56bfc062723c751e8b465ee728b)
Start importing Assets/Sound/SE using Guid(099766a65d1bdcb4398588a67714d77a) Importer(815301076,1909f56bfc062723c751e8b465ee728b)  -> (artifact id: 'ed1e800fb661488bff75f272dfb4bba2') in 0.010443 seconds 
  Import took 0.014390 seconds .

========================================================================
Received Import Request.
  Time since last request: 12.785253 seconds.
  path: Assets/Scenes/SampleScene.unity
  artifactKey: Guid(9fc0d4010bbf28b4594072e72b8655ab) Importer(815301076,1909f56bfc062723c751e8b465ee728b)
Start importing Assets/Scenes/SampleScene.unity using Guid(9fc0d4010bbf28b4594072e72b8655ab) Importer(815301076,1909f56bfc062723c751e8b465ee728b)  -> (artifact id: '7c25328c80d3dcc2bd2bf99760378271') in 0.017513 seconds 
  Import took 0.019814 seconds .

========================================================================
Received Import Request.
  Time since last request: 20.945031 seconds.
  path: Assets/Scenes/Game.unity
  artifactKey: Guid(9fc0d4010bbf28b4594072e72b8655ab) Importer(815301076,1909f56bfc062723c751e8b465ee728b)
Start importing Assets/Scenes/Game.unity using Guid(9fc0d4010bbf28b4594072e72b8655ab) Importer(815301076,1909f56bfc062723c751e8b465ee728b)  -> (artifact id: '24d8b633dc79f6ad13ec028f0070bca3') in 0.011492 seconds 
  Import took 0.017225 seconds .

========================================================================
Received Import Request.
  Time since last request: 10.676993 seconds.
  path: Assets/Scenes
  artifactKey: Guid(0bca963982f83044c8b07e53eb32e976) Importer(815301076,1909f56bfc062723c751e8b465ee728b)
Start importing Assets/Scenes using Guid(0bca963982f83044c8b07e53eb32e976) Importer(815301076,1909f56bfc062723c751e8b465ee728b)  -> (artifact id: '227aa361cc1fb7146201f952cba6cb55') in 0.010960 seconds 
  Import took 0.013643 seconds .

========================================================================
Received Import Request.
  Time since last request: 11.092610 seconds.
  path: Assets/Scenes/Title.unity
  artifactKey: Guid(dacfa51a8848e074e990244fbaa397ab) Importer(815301076,1909f56bfc062723c751e8b465ee728b)
Start importing Assets/Scenes/Title.unity using Guid(dacfa51a8848e074e990244fbaa397ab) Importer(815301076,1909f56bfc062723c751e8b465ee728b)  -> (artifact id: '842e428dd5edcdeb197f13f46a218126') in 0.012054 seconds 
  Import took 0.015895 seconds .

========================================================================
Received Import Request.
  Time since last request: 12.641043 seconds.
  path: Assets/Scenes/Result.unity
  artifactKey: Guid(97db1228a990a2b44829f3d18f5f53ee) Importer(815301076,1909f56bfc062723c751e8b465ee728b)
Start importing Assets/Scenes/Result.unity using Guid(97db1228a990a2b44829f3d18f5f53ee) Importer(815301076,1909f56bfc062723c751e8b465ee728b)  -> (artifact id: '4962214dcb66d9b1c543af0eeb2b4f5d') in 0.011554 seconds 
  Import took 0.014618 seconds .

========================================================================
Received Import Request.
  Time since last request: 92.737508 seconds.
  path: Assets/Prefab/Title
  artifactKey: Guid(c0ca47fe3273db74fb20c61cdb2f3ae5) Importer(815301076,1909f56bfc062723c751e8b465ee728b)
Start importing Assets/Prefab/Title using Guid(c0ca47fe3273db74fb20c61cdb2f3ae5) Importer(815301076,1909f56bfc062723c751e8b465ee728b)  -> (artifact id: 'e6a721dcbe2ce895cb747dedff7b5fe6') in 0.009214 seconds 
  Import took 0.013946 seconds .

========================================================================
Received Import Request.
  Time since last request: 8.882769 seconds.
  path: Assets/Prefab/Game
  artifactKey: Guid(221380eb4b34038469765902af0f20de) Importer(815301076,1909f56bfc062723c751e8b465ee728b)
Start importing Assets/Prefab/Game using Guid(221380eb4b34038469765902af0f20de) Importer(815301076,1909f56bfc062723c751e8b465ee728b)  -> (artifact id: '59e1deae917212195d9ee4020e55522a') in 0.010057 seconds 
  Import took 0.014104 seconds .

========================================================================
Received Import Request.
  Time since last request: 6.572590 seconds.
  path: Assets/Prefab/Result
  artifactKey: Guid(b8d6c7ba5839d3b47ac22642e93cabe4) Importer(815301076,1909f56bfc062723c751e8b465ee728b)
Start importing Assets/Prefab/Result using Guid(b8d6c7ba5839d3b47ac22642e93cabe4) Importer(815301076,1909f56bfc062723c751e8b465ee728b)  -> (artifact id: 'a9f834af6f3b405a94de6e24aa858eee') in 0.011669 seconds 
  Import took 0.014483 seconds .

========================================================================
Received Import Request.
  Time since last request: 16.831941 seconds.
  path: Assets/Script/Title
  artifactKey: Guid(75d24041d03c2b3459a7c27ed893af79) Importer(815301076,1909f56bfc062723c751e8b465ee728b)
Start importing Assets/Script/Title using Guid(75d24041d03c2b3459a7c27ed893af79) Importer(815301076,1909f56bfc062723c751e8b465ee728b)  -> (artifact id: '2f763eb3bbd2fa4b5de2fa9333ed7ae6') in 0.005151 seconds 
  Import took 0.008769 seconds .

========================================================================
Received Import Request.
  Time since last request: 4.385409 seconds.
  path: Assets/Script/Gamr
  artifactKey: Guid(636fd2d53f2182248baf36acaae10275) Importer(815301076,1909f56bfc062723c751e8b465ee728b)
Start importing Assets/Script/Gamr using Guid(636fd2d53f2182248baf36acaae10275) Importer(815301076,1909f56bfc062723c751e8b465ee728b)  -> (artifact id: '0dabd53800fc96415838b043a672c9a9') in 0.013822 seconds 
  Import took 0.017202 seconds .

========================================================================
Received Import Request.
  Time since last request: 5.214902 seconds.
  path: Assets/Script/Game
  artifactKey: Guid(636fd2d53f2182248baf36acaae10275) Importer(815301076,1909f56bfc062723c751e8b465ee728b)
Start importing Assets/Script/Game using Guid(636fd2d53f2182248baf36acaae10275) Importer(815301076,1909f56bfc062723c751e8b465ee728b)  -> (artifact id: 'fd63c5b656a3c63a893e06d17008206b') in 0.002982 seconds 
  Import took 0.006107 seconds .

========================================================================
Received Import Request.
  Time since last request: 9.085562 seconds.
  path: Assets/Script/Result
  artifactKey: Guid(1994676ee1e555841afaabaff531b778) Importer(815301076,1909f56bfc062723c751e8b465ee728b)
Start importing Assets/Script/Result using Guid(1994676ee1e555841afaabaff531b778) Importer(815301076,1909f56bfc062723c751e8b465ee728b)  -> (artifact id: '72aa55a1abec6a787d1e11f44c98db71') in 0.002986 seconds 
  Import took 0.006277 seconds .

========================================================================
Received Import Request.
  Time since last request: 0.002229 seconds.
  path: Assets/Script/Result
  artifactKey: Guid(1994676ee1e555841afaabaff531b778) Importer(815301076,1909f56bfc062723c751e8b465ee728b)
Start importing Assets/Script/Result using Guid(1994676ee1e555841afaabaff531b778) Importer(815301076,1909f56bfc062723c751e8b465ee728b)  -> (artifact id: '72aa55a1abec6a787d1e11f44c98db71') in 0.003279 seconds 
  Import took 0.008220 seconds .

========================================================================
Received Import Request.
  Time since last request: 10.879626 seconds.
  path: Assets/Sound/BGM/Title
  artifactKey: Guid(8444ab37695a3f04cb123e7739d6359f) Importer(815301076,1909f56bfc062723c751e8b465ee728b)
Start importing Assets/Sound/BGM/Title using Guid(8444ab37695a3f04cb123e7739d6359f) Importer(815301076,1909f56bfc062723c751e8b465ee728b)  -> (artifact id: '8ae168f7975a1d4596f46b5cac6cac3a') in 0.004345 seconds 
  Import took 0.008128 seconds .

========================================================================
Received Import Request.
  Time since last request: 5.262408 seconds.
  path: Assets/Sound/BGM/Game
  artifactKey: Guid(f983dca4b9366ac4787b3ed30a8738bd) Importer(815301076,1909f56bfc062723c751e8b465ee728b)
Start importing Assets/Sound/BGM/Game using Guid(f983dca4b9366ac4787b3ed30a8738bd) Importer(815301076,1909f56bfc062723c751e8b465ee728b)  -> (artifact id: 'd48a628b9ea12b74086b2779600584e6') in 0.003787 seconds 
  Import took 0.008933 seconds .

========================================================================
Received Import Request.
  Time since last request: 6.098244 seconds.
  path: Assets/Sound/BGM/Result
  artifactKey: Guid(a0798c48b2fb5f846832fdff45c0769f) Importer(815301076,1909f56bfc062723c751e8b465ee728b)
Start importing Assets/Sound/BGM/Result using Guid(a0798c48b2fb5f846832fdff45c0769f) Importer(815301076,1909f56bfc062723c751e8b465ee728b)  -> (artifact id: '737a44185827e7b65bb7a4f8f7209474') in 0.003351 seconds 
  Import took 0.006691 seconds .

========================================================================
Received Import Request.
  Time since last request: 0.003807 seconds.
  path: Assets/Sound/BGM/Result
  artifactKey: Guid(a0798c48b2fb5f846832fdff45c0769f) Importer(815301076,1909f56bfc062723c751e8b465ee728b)
Start importing Assets/Sound/BGM/Result using Guid(a0798c48b2fb5f846832fdff45c0769f) Importer(815301076,1909f56bfc062723c751e8b465ee728b)  -> (artifact id: '737a44185827e7b65bb7a4f8f7209474') in 0.003361 seconds 
  Import took 0.007161 seconds .

========================================================================
Received Import Request.
  Time since last request: 5.924382 seconds.
  path: Assets/Sound/SE/Title
  artifactKey: Guid(14fe09a760690454697b4f2208ce8191) Importer(815301076,1909f56bfc062723c751e8b465ee728b)
Start importing Assets/Sound/SE/Title using Guid(14fe09a760690454697b4f2208ce8191) Importer(815301076,1909f56bfc062723c751e8b465ee728b)  -> (artifact id: '283c366ba04cdfd02fe51a5cef5080c1') in 0.003112 seconds 
  Import took 0.005446 seconds .

========================================================================
Received Import Request.
  Time since last request: 4.272678 seconds.
  path: Assets/Sound/SE/Game
  artifactKey: Guid(bb38a7e00cb667e429ee4fc2b6653dfb) Importer(815301076,1909f56bfc062723c751e8b465ee728b)
Start importing Assets/Sound/SE/Game using Guid(bb38a7e00cb667e429ee4fc2b6653dfb) Importer(815301076,1909f56bfc062723c751e8b465ee728b)  -> (artifact id: '22fc12ac24469b93f4ee4fd92bbd008d') in 0.003126 seconds 
  Import took 0.006803 seconds .

========================================================================
Received Import Request.
  Time since last request: 8.396104 seconds.
  path: Assets/Sound/SE/Result
  artifactKey: Guid(e810d51c404909e4ab47391232e7700a) Importer(815301076,1909f56bfc062723c751e8b465ee728b)
Start importing Assets/Sound/SE/Result using Guid(e810d51c404909e4ab47391232e7700a) Importer(815301076,1909f56bfc062723c751e8b465ee728b)  -> (artifact id: '56372f3dd4d8013b5905a26fe924f3e7') in 0.005272 seconds 
  Import took 0.007952 seconds .

========================================================================
Received Import Request.
  Time since last request: 12.031065 seconds.
  path: Assets/Particle/Title
  artifactKey: Guid(bf58aaec0fb0f234dba7f94ccd9c1c55) Importer(815301076,1909f56bfc062723c751e8b465ee728b)
Start importing Assets/Particle/Title using Guid(bf58aaec0fb0f234dba7f94ccd9c1c55) Importer(815301076,1909f56bfc062723c751e8b465ee728b)  -> (artifact id: '4b2940730294ab8cf4d0acd0d38b1f3e') in 0.003077 seconds 
  Import took 0.005720 seconds .

========================================================================
Received Import Request.
  Time since last request: 4.654370 seconds.
  path: Assets/Particle/Game
  artifactKey: Guid(92b5296d062350b41a63b47052632975) Importer(815301076,1909f56bfc062723c751e8b465ee728b)
Start importing Assets/Particle/Game using Guid(92b5296d062350b41a63b47052632975) Importer(815301076,1909f56bfc062723c751e8b465ee728b)  -> (artifact id: 'fa5d90df2f3017f747568f126ded42ed') in 0.005360 seconds 
  Import took 0.008795 seconds .

========================================================================
Received Import Request.
  Time since last request: 0.002308 seconds.
  path: Assets/Particle/Game
  artifactKey: Guid(92b5296d062350b41a63b47052632975) Importer(815301076,1909f56bfc062723c751e8b465ee728b)
Start importing Assets/Particle/Game using Guid(92b5296d062350b41a63b47052632975) Importer(815301076,1909f56bfc062723c751e8b465ee728b)  -> (artifact id: 'fa5d90df2f3017f747568f126ded42ed') in 0.002960 seconds 
  Import took 0.006194 seconds .

========================================================================
Received Import Request.
  Time since last request: 5.540580 seconds.
  path: Assets/Particle/result
  artifactKey: Guid(be4a281a5c7d3df418cfd566fa5b2f29) Importer(815301076,1909f56bfc062723c751e8b465ee728b)
Start importing Assets/Particle/result using Guid(be4a281a5c7d3df418cfd566fa5b2f29) Importer(815301076,1909f56bfc062723c751e8b465ee728b)  -> (artifact id: '17746eecd0a2b3f3b67f8810f05c711a') in 0.010917 seconds 
  Import took 0.013570 seconds .

========================================================================
Received Import Request.
  Time since last request: 5.859885 seconds.
  path: Assets/Particle/Result
  artifactKey: Guid(be4a281a5c7d3df418cfd566fa5b2f29) Importer(815301076,1909f56bfc062723c751e8b465ee728b)
Start importing Assets/Particle/Result using Guid(be4a281a5c7d3df418cfd566fa5b2f29) Importer(815301076,1909f56bfc062723c751e8b465ee728b)  -> (artifact id: '623785f94c6c724f02bc0f953c0bae29') in 0.003378 seconds 
  Import took 0.006233 seconds .

========================================================================
Received Import Request.
  Time since last request: 11.682363 seconds.
  path: Assets/Material/Title
  artifactKey: Guid(1abc09a4af885154b903b098d11b2b5b) Importer(815301076,1909f56bfc062723c751e8b465ee728b)
Start importing Assets/Material/Title using Guid(1abc09a4af885154b903b098d11b2b5b) Importer(815301076,1909f56bfc062723c751e8b465ee728b)  -> (artifact id: 'b577eb28184db1431b9424351a2914d1') in 0.005374 seconds 
  Import took 0.008764 seconds .

========================================================================
Received Import Request.
  Time since last request: 5.501796 seconds.
  path: Assets/Material/Game
  artifactKey: Guid(25b26a399c66a6940899e047d21638ce) Importer(815301076,1909f56bfc062723c751e8b465ee728b)
Start importing Assets/Material/Game using Guid(25b26a399c66a6940899e047d21638ce) Importer(815301076,1909f56bfc062723c751e8b465ee728b)  -> (artifact id: '4e54a54e3564f635355847be2fed81ab') in 0.003721 seconds 
  Import took 0.006478 seconds .

========================================================================
Received Import Request.
  Time since last request: 15.264416 seconds.
  path: Assets/Material/Result
  artifactKey: Guid(fe0a38d65e43f7e4394643fef8fd00df) Importer(815301076,1909f56bfc062723c751e8b465ee728b)
Start importing Assets/Material/Result using Guid(fe0a38d65e43f7e4394643fef8fd00df) Importer(815301076,1909f56bfc062723c751e8b465ee728b)  -> (artifact id: '2c9fb3ab295b2585212bbc3e7001b670') in 0.003629 seconds 
  Import took 0.006428 seconds .

========================================================================
Received Import Request.
  Time since last request: 192.403466 seconds.
  path: Assets
  artifactKey: Guid(00000000000000001000000000000000) Importer(815301076,1909f56bfc062723c751e8b465ee728b)
Start importing Assets using Guid(00000000000000001000000000000000) Importer(815301076,1909f56bfc062723c751e8b465ee728b)  -> (artifact id: '42d402b061de3733987d63b9cc3b64de') in 0.010130 seconds 
  Import took 0.014244 seconds .

========================================================================
Received Import Request.
  Time since last request: 18.635704 seconds.
  path: Assets/3DModel
  artifactKey: Guid(7c3dd942a21accd40b44db0ec46bec74) Importer(815301076,1909f56bfc062723c751e8b465ee728b)
Start importing Assets/3DModel using Guid(7c3dd942a21accd40b44db0ec46bec74) Importer(815301076,1909f56bfc062723c751e8b465ee728b)  -> (artifact id: '84ad0081ea4b5a2cdd3678c4c2ff8301') in 0.010379 seconds 
  Import took 0.014110 seconds .

========================================================================
Received Import Request.
  Time since last request: 11.405765 seconds.
  path: Assets/3DModel/Title
  artifactKey: Guid(758d79baa4dbab946978ae714cc34e88) Importer(815301076,1909f56bfc062723c751e8b465ee728b)
Start importing Assets/3DModel/Title using Guid(758d79baa4dbab946978ae714cc34e88) Importer(815301076,1909f56bfc062723c751e8b465ee728b)  -> (artifact id: '01365792f26cd1ff34966306252cd966') in 0.004195 seconds 
  Import took 0.006940 seconds .

========================================================================
Received Import Request.
  Time since last request: 0.002256 seconds.
  path: Assets/3DModel/Title
  artifactKey: Guid(758d79baa4dbab946978ae714cc34e88) Importer(815301076,1909f56bfc062723c751e8b465ee728b)
Start importing Assets/3DModel/Title using Guid(758d79baa4dbab946978ae714cc34e88) Importer(815301076,1909f56bfc062723c751e8b465ee728b)  -> (artifact id: '01365792f26cd1ff34966306252cd966') in 0.005021 seconds 
  Import took 0.008076 seconds .

========================================================================
Received Import Request.
  Time since last request: 7.946179 seconds.
  path: Assets/3DModel/Game
  artifactKey: Guid(ac20509a8af2c7f4ea3bba136a2f8d47) Importer(815301076,1909f56bfc062723c751e8b465ee728b)
Start importing Assets/3DModel/Game using Guid(ac20509a8af2c7f4ea3bba136a2f8d47) Importer(815301076,1909f56bfc062723c751e8b465ee728b)  -> (artifact id: '60baf2caff4d9a2a427b6389a21a5922') in 0.004064 seconds 
  Import took 0.008170 seconds .

========================================================================
Received Import Request.
  Time since last request: 6.168461 seconds.
  path: Assets/3DModel/Result
  artifactKey: Guid(9888e9cc052b38e49805170a08a98ab9) Importer(815301076,1909f56bfc062723c751e8b465ee728b)
Start importing Assets/3DModel/Result using Guid(9888e9cc052b38e49805170a08a98ab9) Importer(815301076,1909f56bfc062723c751e8b465ee728b)  -> (artifact id: '59a0fc3ff74b447a321a8ce93b6e8649') in 0.003789 seconds 
  Import took 0.006820 seconds .

AssetImportWorkerClient::OnTransportError - code=2 error=End of file
